LeRecorderSkin/build/outputs/logs/manifest-merger-debug-report.txt
-- Merging decision tree log ---
manifest
ADDED from HiEnglish\LeRecorderSkin\AndroidManifest.xml:2:1-7:12
INJECTED from HiEnglish\LeRecorderSkin\AndroidManifest.xml:2:1-7:12
INJECTED from HiEnglish\LeRecorderSkin\AndroidManifest.xml:2:1-7:12
INJECTED from HiEnglish\LeRecorderSkin\AndroidManifest.xml:2:1-7:12
INJECTED from HiEnglish\LeRecorderSkin\AndroidManifest.xml:2:1-7:12
INJECTED from HiEnglish\LeRecorderSkin\AndroidManifest.xml:2:1-7:12
INJECTED from HiEnglish\LeRecorderSkin\AndroidManifest.xml:2:1-7:12
	package
		ADDED from HiEnglish\LeRecorderSkin\AndroidManifest.xml:3:5-49
		INJECTED from HiEnglish\LeRecorderSkin\AndroidManifest.xml
		INJECTED from HiEnglish\LeRecorderSkin\AndroidManifest.xml
	android:versionName
		ADDED from HiEnglish\LeRecorderSkin\AndroidManifest.xml:5:5-30
		INJECTED from HiEnglish\LeRecorderSkin\AndroidManifest.xml
		INJECTED from HiEnglish\LeRecorderSkin\AndroidManifest.xml
	xmlns:android
		ADDED from HiEnglish\LeRecorderSkin\AndroidManifest.xml:2:11-69
	android:versionCode
		ADDED from HiEnglish\LeRecorderSkin\AndroidManifest.xml:4:5-28
		INJECTED from HiEnglish\LeRecorderSkin\AndroidManifest.xml
		INJECTED from HiEnglish\LeRecorderSkin\AndroidManifest.xml
uses-sdk
INJECTED from HiEnglish\LeRecorderSkin\AndroidManifest.xml reason: use-sdk injection requested
INJECTED from HiEnglish\LeRecorderSkin\AndroidManifest.xml
INJECTED from HiEnglish\LeRecorderSkin\AndroidManifest.xml
	android:minSdkVersion
		INJECTED from HiEnglish\LeRecorderSkin\AndroidManifest.xml
		ADDED from HiEnglish\LeRecorderSkin\AndroidManifest.xml
		INJECTED from HiEnglish\LeRecorderSkin\AndroidManifest.xml